..\x64\Release\\Qt5Core.dll
..\x64\Release\\Qt5Gui.dll
..\x64\Release\\Qt5Svg.dll
..\x64\Release\\Qt5Widgets.dll
..\x64\Release\\libGLESv2.dll
..\x64\Release\\libEGL.dll
..\x64\Release\\D3Dcompiler_47.dll
..\x64\Release\\opengl32sw.dll
C:\Users\ionut\Desktop\POKER\POKER\x64\Release\iconengines\qsvgicon.dll
C:\Users\ionut\Desktop\POKER\POKER\x64\Release\imageformats\qgif.dll
C:\Users\ionut\Desktop\POKER\POKER\x64\Release\imageformats\qicns.dll
C:\Users\ionut\Desktop\POKER\POKER\x64\Release\imageformats\qico.dll
C:\Users\ionut\Desktop\POKER\POKER\x64\Release\imageformats\qjpeg.dll
C:\Users\ionut\Desktop\POKER\POKER\x64\Release\imageformats\qsvg.dll
C:\Users\ionut\Desktop\POKER\POKER\x64\Release\imageformats\qtga.dll
C:\Users\ionut\Desktop\POKER\POKER\x64\Release\imageformats\qtiff.dll
C:\Users\ionut\Desktop\POKER\POKER\x64\Release\imageformats\qwbmp.dll
C:\Users\ionut\Desktop\POKER\POKER\x64\Release\imageformats\qwebp.dll
C:\Users\ionut\Desktop\POKER\POKER\x64\Release\platforms\qwindows.dll
C:\Users\ionut\Desktop\POKER\POKER\x64\Release\styles\qwindowsvistastyle.dll
C:\Users\ionut\Desktop\POKER\POKER\x64\Release\translations\qt_ar.qm
C:\Users\ionut\Desktop\POKER\POKER\x64\Release\translations\qtbase_ar.qm
C:\Users\ionut\Desktop\POKER\POKER\x64\Release\translations\qt_bg.qm
C:\Users\ionut\Desktop\POKER\POKER\x64\Release\translations\qtbase_bg.qm
C:\Users\ionut\Desktop\POKER\POKER\x64\Release\translations\qt_ca.qm
C:\Users\ionut\Desktop\POKER\POKER\x64\Release\translations\qtbase_ca.qm
C:\Users\ionut\Desktop\POKER\POKER\x64\Release\translations\qt_cs.qm
C:\Users\ionut\Desktop\POKER\POKER\x64\Release\translations\qtbase_cs.qm
C:\Users\ionut\Desktop\POKER\POKER\x64\Release\translations\qt_da.qm
C:\Users\ionut\Desktop\POKER\POKER\x64\Release\translations\qtbase_da.qm
C:\Users\ionut\Desktop\POKER\POKER\x64\Release\translations\qt_de.qm
C:\Users\ionut\Desktop\POKER\POKER\x64\Release\translations\qtbase_de.qm
C:\Users\ionut\Desktop\POKER\POKER\x64\Release\translations\qt_en.qm
C:\Users\ionut\Desktop\POKER\POKER\x64\Release\translations\qtbase_en.qm
C:\Users\ionut\Desktop\POKER\POKER\x64\Release\translations\qt_es.qm
C:\Users\ionut\Desktop\POKER\POKER\x64\Release\translations\qtbase_es.qm
C:\Users\ionut\Desktop\POKER\POKER\x64\Release\translations\qt_fi.qm
C:\Users\ionut\Desktop\POKER\POKER\x64\Release\translations\qtbase_fi.qm
C:\Users\ionut\Desktop\POKER\POKER\x64\Release\translations\qt_fr.qm
C:\Users\ionut\Desktop\POKER\POKER\x64\Release\translations\qtbase_fr.qm
C:\Users\ionut\Desktop\POKER\POKER\x64\Release\translations\qt_gd.qm
C:\Users\ionut\Desktop\POKER\POKER\x64\Release\translations\qtbase_gd.qm
C:\Users\ionut\Desktop\POKER\POKER\x64\Release\translations\qt_he.qm
C:\Users\ionut\Desktop\POKER\POKER\x64\Release\translations\qtbase_he.qm
C:\Users\ionut\Desktop\POKER\POKER\x64\Release\translations\qt_hu.qm
C:\Users\ionut\Desktop\POKER\POKER\x64\Release\translations\qtbase_hu.qm
C:\Users\ionut\Desktop\POKER\POKER\x64\Release\translations\qt_it.qm
C:\Users\ionut\Desktop\POKER\POKER\x64\Release\translations\qtbase_it.qm
C:\Users\ionut\Desktop\POKER\POKER\x64\Release\translations\qt_ja.qm
C:\Users\ionut\Desktop\POKER\POKER\x64\Release\translations\qtbase_ja.qm
C:\Users\ionut\Desktop\POKER\POKER\x64\Release\translations\qt_ko.qm
C:\Users\ionut\Desktop\POKER\POKER\x64\Release\translations\qtbase_ko.qm
C:\Users\ionut\Desktop\POKER\POKER\x64\Release\translations\qt_lv.qm
C:\Users\ionut\Desktop\POKER\POKER\x64\Release\translations\qtbase_lv.qm
C:\Users\ionut\Desktop\POKER\POKER\x64\Release\translations\qt_pl.qm
C:\Users\ionut\Desktop\POKER\POKER\x64\Release\translations\qtbase_pl.qm
C:\Users\ionut\Desktop\POKER\POKER\x64\Release\translations\qt_ru.qm
C:\Users\ionut\Desktop\POKER\POKER\x64\Release\translations\qtbase_ru.qm
C:\Users\ionut\Desktop\POKER\POKER\x64\Release\translations\qt_sk.qm
C:\Users\ionut\Desktop\POKER\POKER\x64\Release\translations\qtbase_sk.qm
C:\Users\ionut\Desktop\POKER\POKER\x64\Release\translations\qt_tr.qm
C:\Users\ionut\Desktop\POKER\POKER\x64\Release\translations\qtbase_tr.qm
C:\Users\ionut\Desktop\POKER\POKER\x64\Release\translations\qt_uk.qm
C:\Users\ionut\Desktop\POKER\POKER\x64\Release\translations\qtbase_uk.qm
C:\Users\ionut\Desktop\POKER\POKER\x64\Release\translations\qt_zh_TW.qm
C:\Users\ionut\Desktop\POKER\POKER\x64\Release\translations\qtbase_zh_TW.qm
